<?xml version="1.0" encoding="UTF-8"?>
<!-- Generated by org.testng.reporters.JUnitReportReporter -->
<testsuite hostname="DESKTOP-0QCH4M5" name="org.testing.Scripts.TC1" tests="1" failures="0" timestamp="6 Sep 2019 05:21:48 GMT" time="10.706" errors="0">
  <testcase name="signin" time="10.706" classname="org.testing.Scripts.TC1"/>
</testsuite> <!-- org.testing.Scripts.TC1 -->
